2016/02/24 14:21:07 Initializing Database connection.
2016/02/24 14:21:07 Web server active
2016/02/24 14:21:07 TaskHandler Init
2016/02/24 14:21:07 Running a billion at 
 TIMESTAMP:  2016-02-24 14:21:07.280986778 +0700 ICT
2016/02/24 14:50:22 TIMESTAMP:  2016-02-24 14:50:22.572605198 +0700 ICT
2016/02/24 14:50:22 Run HealthCheck
2016/02/24 14:50:22 HC > NODE WITH HOSTNAME | Left | IS HEALTHY, FLAG AS UP
2016/02/24 14:50:22 HC > STARTING CONTAINER CHECK
2016/02/24 14:50:22 HC > THERE ARE NO CONTAINERS, SKIPPING HEALTHCHECK
2016/02/24 14:50:32 Run HealthCheck
2016/02/24 14:50:32 HC > NODE WITH HOSTNAME | Left | IS HEALTHY, FLAG AS UP
2016/02/24 14:50:32 HC > STARTING CONTAINER CHECK
2016/02/24 14:50:32 HC > THERE ARE NO CONTAINERS, SKIPPING HEALTHCHECK
2016/02/24 14:50:42 Run HealthCheck
2016/02/24 14:50:42 HC > NODE WITH HOSTNAME | Left | IS HEALTHY, FLAG AS UP
2016/02/24 14:50:42 HC > STARTING CONTAINER CHECK
2016/02/24 14:50:42 HC > THERE ARE NO CONTAINERS, SKIPPING HEALTHCHECK
2016/02/24 14:50:52 Run HealthCheck
2016/02/24 14:50:52 HC > NODE WITH HOSTNAME | Left | IS HEALTHY, FLAG AS UP
2016/02/24 14:50:52 HC > STARTING CONTAINER CHECK
2016/02/24 14:50:52 HC > THERE ARE NO CONTAINERS, SKIPPING HEALTHCHECK
2016/02/24 14:51:02 Run HealthCheck
2016/02/24 14:51:02 HC > NODE WITH HOSTNAME | Left | IS HEALTHY, FLAG AS UP
2016/02/24 14:51:02 HC > STARTING CONTAINER CHECK
2016/02/24 14:51:02 HC > THERE ARE NO CONTAINERS, SKIPPING HEALTHCHECK
2016/02/24 14:52:32 Initializing Database connection.
2016/02/24 14:52:32 Web server active
2016/02/24 14:52:32 TaskHandler Init
2016/02/24 14:52:32 Running a billion at 
 TIMESTAMP:  2016-02-24 14:52:32.803321601 +0700 ICT
2016/02/24 14:54:09 TIMESTAMP:  2016-02-24 14:54:09.861596638 +0700 ICT
2016/02/24 14:54:09 Run HealthCheck
2016/02/24 14:54:09 HC > NODE WITH HOSTNAME | Left | IS HEALTHY, FLAG AS UP
2016/02/24 14:54:09 HC > STARTING CONTAINER CHECK
2016/02/24 14:54:09 HC > THERE ARE NO CONTAINERS, SKIPPING HEALTHCHECK
2016/02/24 14:55:29 Initializing Database connection.
2016/02/24 14:55:29 Web server active
2016/02/24 14:55:29 TaskHandler Init
2016/02/24 14:55:29 Running a billion at 
 TIMESTAMP:  2016-02-24 14:55:29.66408607 +0700 ICT
2016/02/24 14:55:56 Initializing Database connection.
2016/02/24 14:55:56 Web server active
2016/02/24 14:55:56 TaskHandler Init
2016/02/24 14:56:06 Run HealthCheck
2016/02/24 14:56:06 HC > NODE WITH HOSTNAME | Left | IS HEALTHY, FLAG AS UP
2016/02/24 14:56:06 HC > STARTING CONTAINER CHECK
2016/02/24 14:56:06 HC > THERE ARE NO CONTAINERS, SKIPPING HEALTHCHECK
2016/02/24 14:56:16 Run HealthCheck
2016/02/24 14:56:16 HC > NODE WITH HOSTNAME | Left | IS HEALTHY, FLAG AS UP
2016/02/24 14:56:16 HC > STARTING CONTAINER CHECK
2016/02/24 14:56:16 HC > THERE ARE NO CONTAINERS, SKIPPING HEALTHCHECK
2016/02/24 14:56:26 Run HealthCheck
2016/02/24 14:56:26 HC > NODE WITH HOSTNAME | Left | IS HEALTHY, FLAG AS UP
2016/02/24 14:56:26 HC > STARTING CONTAINER CHECK
2016/02/24 14:56:26 HC > THERE ARE NO CONTAINERS, SKIPPING HEALTHCHECK
2016/02/24 14:56:36 Run HealthCheck
2016/02/24 14:56:36 HC > NODE WITH HOSTNAME | Left | IS HEALTHY, FLAG AS UP
2016/02/24 14:56:36 HC > STARTING CONTAINER CHECK
2016/02/24 14:56:36 HC > THERE ARE NO CONTAINERS, SKIPPING HEALTHCHECK
2016/02/24 14:56:46 Run HealthCheck
2016/02/24 14:56:46 HC > NODE WITH HOSTNAME | Left | IS HEALTHY, FLAG AS UP
2016/02/24 14:56:46 HC > STARTING CONTAINER CHECK
2016/02/24 14:56:46 HC > THERE ARE NO CONTAINERS, SKIPPING HEALTHCHECK
2016/02/24 14:56:56 Run HealthCheck
2016/02/24 14:56:56 HC > NODE WITH HOSTNAME | Left | IS HEALTHY, FLAG AS UP
2016/02/24 14:56:56 HC > STARTING CONTAINER CHECK
2016/02/24 14:56:56 HC > THERE ARE NO CONTAINERS, SKIPPING HEALTHCHECK
2016/02/24 14:57:09 Initializing Database connection.
2016/02/24 14:57:09 Web server active
2016/02/24 14:57:09 TaskHandler Init
2016/02/24 14:57:19 Run HealthCheck
2016/02/24 14:57:19 HC > NODE WITH HOSTNAME | Left | IS HEALTHY, FLAG AS UP
2016/02/24 14:57:19 HC > STARTING CONTAINER CHECK
2016/02/24 14:57:19 HC > THERE ARE NO CONTAINERS, SKIPPING HEALTHCHECK
2016/02/24 14:57:29 Run HealthCheck
2016/02/24 14:57:29 HC > NODE WITH HOSTNAME | Left | IS HEALTHY, FLAG AS UP
2016/02/24 14:57:29 HC > STARTING CONTAINER CHECK
2016/02/24 14:57:29 HC > THERE ARE NO CONTAINERS, SKIPPING HEALTHCHECK
2016/02/24 14:57:39 Run HealthCheck
2016/02/24 14:57:39 HC > NODE WITH HOSTNAME | Left | IS HEALTHY, FLAG AS UP
2016/02/24 14:57:39 HC > STARTING CONTAINER CHECK
2016/02/24 14:57:39 HC > THERE ARE NO CONTAINERS, SKIPPING HEALTHCHECK
2016/02/24 14:57:49 Run HealthCheck
2016/02/24 14:57:49 HC > NODE WITH HOSTNAME | Left | IS HEALTHY, FLAG AS UP
2016/02/24 14:57:49 HC > STARTING CONTAINER CHECK
2016/02/24 14:57:49 HC > THERE ARE NO CONTAINERS, SKIPPING HEALTHCHECK
2016/02/24 14:57:59 Initializing Database connection.
2016/02/24 14:57:59 Web server active
2016/02/24 14:57:59 TaskHandler Init
2016/02/24 14:58:09 Run HealthCheck
2016/02/24 14:58:09 HC > NODE WITH HOSTNAME | Left | IS HEALTHY, FLAG AS UP
2016/02/24 14:58:09 HC > STARTING CONTAINER CHECK
2016/02/24 14:58:09 HC > THERE ARE NO CONTAINERS, SKIPPING HEALTHCHECK
2016/02/24 14:58:19 Run HealthCheck
2016/02/24 14:58:19 HC > NODE WITH HOSTNAME | Left | IS HEALTHY, FLAG AS UP
2016/02/24 14:58:19 HC > STARTING CONTAINER CHECK
2016/02/24 14:58:19 HC > THERE ARE NO CONTAINERS, SKIPPING HEALTHCHECK
2016/02/24 14:58:29 Run HealthCheck
2016/02/24 14:58:29 HC > NODE WITH HOSTNAME | Left | IS HEALTHY, FLAG AS UP
2016/02/24 14:58:29 HC > STARTING CONTAINER CHECK
2016/02/24 14:58:29 HC > THERE ARE NO CONTAINERS, SKIPPING HEALTHCHECK
2016/02/24 14:58:39 Run HealthCheck
2016/02/24 14:58:39 HC > NODE WITH HOSTNAME | Left | IS HEALTHY, FLAG AS UP
2016/02/24 14:58:39 HC > STARTING CONTAINER CHECK
2016/02/24 14:58:39 HC > THERE ARE NO CONTAINERS, SKIPPING HEALTHCHECK
2016/02/24 14:58:49 Run HealthCheck
2016/02/24 14:58:49 HC > NODE WITH HOSTNAME | Left | IS HEALTHY, FLAG AS UP
2016/02/24 14:58:49 HC > STARTING CONTAINER CHECK
2016/02/24 14:58:49 HC > THERE ARE NO CONTAINERS, SKIPPING HEALTHCHECK
2016/02/24 14:58:59 Run HealthCheck
2016/02/24 14:58:59 HC > NODE WITH HOSTNAME | Left | IS HEALTHY, FLAG AS UP
2016/02/24 14:58:59 HC > STARTING CONTAINER CHECK
2016/02/24 14:58:59 HC > THERE ARE NO CONTAINERS, SKIPPING HEALTHCHECK
2016/02/25 14:41:02 Initializing Database connection.
2016/02/25 14:41:02 Web server active
2016/02/25 14:41:02 TaskHandler Init
2016/02/25 14:44:57 Initializing Database connection.
2016/02/25 14:44:57 Web server active
2016/02/25 14:44:57 TaskHandler Init
2016/02/25 14:45:07 Run HealthCheck
2016/02/25 14:45:07 HC > NODE | Left | IS CURRENTLY NOT ACCESSIBLE, FLAG AS DOWN
2016/02/25 14:45:07 HC > STARTING CONTAINER CHECK
2016/02/25 14:45:07 HC > THERE ARE NO CONTAINERS, SKIPPING HEALTHCHECK
2016/02/25 14:54:22 Initializing Database connection.
2016/02/25 14:54:22 Web server active
2016/02/25 14:54:22 TaskHandler Init
2016/02/25 14:54:32 Run HealthCheck
2016/02/25 14:54:32 HC > NODE | Left | IS CURRENTLY NOT ACCESSIBLE, FLAG AS DOWN
2016/02/25 14:54:32 HC > STARTING CONTAINER CHECK
2016/02/25 14:54:32 HC > THERE ARE NO CONTAINERS, SKIPPING HEALTHCHECK
2016/02/25 15:03:24 Initializing Database connection.
2016/02/25 15:03:24 Web server active
2016/02/25 15:03:24 TaskHandler Init
2016/02/25 15:13:30 Initializing Database connection.
2016/02/25 15:13:30 Web server active
2016/02/25 15:13:30 TaskHandler Init
2016/02/25 15:13:46 Initializing Database connection.
2016/02/25 15:13:46 Web server active
2016/02/25 15:13:46 TaskHandler Init
2016/02/25 15:13:56 Run HealthCheck
2016/02/25 15:13:56 HC > NODE | Left | IS CURRENTLY NOT ACCESSIBLE, FLAG AS DOWN
2016/02/25 15:13:56 HC > STARTING CONTAINER CHECK
2016/02/25 15:13:56 HC > THERE ARE NO CONTAINERS, SKIPPING HEALTHCHECK
2016/02/25 15:14:06 Run HealthCheck
2016/02/25 15:14:06 HC > NODE | Left | IS CURRENTLY NOT ACCESSIBLE, FLAG AS DOWN
2016/02/25 15:14:06 HC > STARTING CONTAINER CHECK
2016/02/25 15:14:06 HC > THERE ARE NO CONTAINERS, SKIPPING HEALTHCHECK
2016/02/25 15:14:16 Run HealthCheck
2016/02/25 15:14:16 HC > NODE | Left | IS CURRENTLY NOT ACCESSIBLE, FLAG AS DOWN
2016/02/25 15:14:16 HC > STARTING CONTAINER CHECK
2016/02/25 15:14:16 HC > THERE ARE NO CONTAINERS, SKIPPING HEALTHCHECK
2016/02/25 15:14:26 Run HealthCheck
2016/02/25 15:14:26 HC > NODE | Left | IS CURRENTLY NOT ACCESSIBLE, FLAG AS DOWN
2016/02/25 15:14:26 HC > STARTING CONTAINER CHECK
2016/02/25 15:14:26 HC > THERE ARE NO CONTAINERS, SKIPPING HEALTHCHECK
2016/02/25 15:14:36 Run HealthCheck
2016/02/25 15:14:36 HC > NODE | Left | IS CURRENTLY NOT ACCESSIBLE, FLAG AS DOWN
2016/02/25 15:14:36 HC > STARTING CONTAINER CHECK
2016/02/25 15:14:36 HC > THERE ARE NO CONTAINERS, SKIPPING HEALTHCHECK
2016/02/25 15:14:46 Run HealthCheck
2016/02/25 15:14:46 HC > NODE | Left | IS CURRENTLY NOT ACCESSIBLE, FLAG AS DOWN
2016/02/25 15:14:46 HC > STARTING CONTAINER CHECK
2016/02/25 15:14:46 HC > THERE ARE NO CONTAINERS, SKIPPING HEALTHCHECK
2016/02/25 15:14:56 Run HealthCheck
2016/02/25 15:14:56 HC > NODE | Left | IS CURRENTLY NOT ACCESSIBLE, FLAG AS DOWN
2016/02/25 15:14:56 HC > STARTING CONTAINER CHECK
2016/02/25 15:14:56 HC > THERE ARE NO CONTAINERS, SKIPPING HEALTHCHECK
2016/02/25 15:15:06 Run HealthCheck
2016/02/25 15:15:06 HC > NODE | Left | IS CURRENTLY NOT ACCESSIBLE, FLAG AS DOWN
2016/02/25 15:15:06 HC > STARTING CONTAINER CHECK
2016/02/25 15:15:06 HC > THERE ARE NO CONTAINERS, SKIPPING HEALTHCHECK
2016/02/25 15:15:16 Run HealthCheck
2016/02/25 15:15:16 HC > NODE | Left | IS CURRENTLY NOT ACCESSIBLE, FLAG AS DOWN
2016/02/25 15:15:16 HC > STARTING CONTAINER CHECK
2016/02/25 15:15:16 HC > THERE ARE NO CONTAINERS, SKIPPING HEALTHCHECK
2016/02/25 15:15:26 Run HealthCheck
2016/02/25 15:15:26 HC > NODE | Left | IS CURRENTLY NOT ACCESSIBLE, FLAG AS DOWN
2016/02/25 15:15:26 HC > STARTING CONTAINER CHECK
2016/02/25 15:15:26 HC > THERE ARE NO CONTAINERS, SKIPPING HEALTHCHECK
2016/02/25 15:15:36 Run HealthCheck
2016/02/25 15:15:36 HC > NODE | Left | IS CURRENTLY NOT ACCESSIBLE, FLAG AS DOWN
2016/02/25 15:15:36 HC > STARTING CONTAINER CHECK
2016/02/25 15:15:36 HC > THERE ARE NO CONTAINERS, SKIPPING HEALTHCHECK
2016/02/25 15:15:46 Run HealthCheck
2016/02/25 15:15:46 HC > NODE | Left | IS CURRENTLY NOT ACCESSIBLE, FLAG AS DOWN
2016/02/25 15:15:46 HC > STARTING CONTAINER CHECK
2016/02/25 15:15:46 HC > THERE ARE NO CONTAINERS, SKIPPING HEALTHCHECK
2016/02/25 15:15:56 Run HealthCheck
2016/02/25 15:15:56 HC > NODE | Left | IS CURRENTLY NOT ACCESSIBLE, FLAG AS DOWN
2016/02/25 15:15:56 HC > STARTING CONTAINER CHECK
2016/02/25 15:15:56 HC > THERE ARE NO CONTAINERS, SKIPPING HEALTHCHECK
2016/02/25 15:16:06 Run HealthCheck
2016/02/25 15:16:06 HC > NODE | Left | IS CURRENTLY NOT ACCESSIBLE, FLAG AS DOWN
2016/02/25 15:16:06 HC > STARTING CONTAINER CHECK
2016/02/25 15:16:06 HC > THERE ARE NO CONTAINERS, SKIPPING HEALTHCHECK
2016/02/25 15:16:16 Run HealthCheck
2016/02/25 15:16:16 HC > NODE | Left | IS CURRENTLY NOT ACCESSIBLE, FLAG AS DOWN
2016/02/25 15:16:16 HC > STARTING CONTAINER CHECK
2016/02/25 15:16:16 HC > THERE ARE NO CONTAINERS, SKIPPING HEALTHCHECK
2016/02/25 15:16:26 Run HealthCheck
2016/02/25 15:16:26 HC > NODE | Left | IS CURRENTLY NOT ACCESSIBLE, FLAG AS DOWN
2016/02/25 15:16:26 HC > STARTING CONTAINER CHECK
2016/02/25 15:16:26 HC > THERE ARE NO CONTAINERS, SKIPPING HEALTHCHECK
2016/02/25 15:16:36 Run HealthCheck
2016/02/25 15:16:36 HC > NODE | Left | IS CURRENTLY NOT ACCESSIBLE, FLAG AS DOWN
2016/02/25 15:16:36 HC > STARTING CONTAINER CHECK
2016/02/25 15:16:36 HC > THERE ARE NO CONTAINERS, SKIPPING HEALTHCHECK
2016/02/25 15:16:46 Run HealthCheck
2016/02/25 15:16:46 HC > NODE | Left | IS CURRENTLY NOT ACCESSIBLE, FLAG AS DOWN
2016/02/25 15:16:46 HC > STARTING CONTAINER CHECK
2016/02/25 15:16:46 HC > THERE ARE NO CONTAINERS, SKIPPING HEALTHCHECK
2016/02/25 15:16:56 Run HealthCheck
2016/02/25 15:16:56 HC > NODE | Left | IS CURRENTLY NOT ACCESSIBLE, FLAG AS DOWN
2016/02/25 15:16:56 HC > STARTING CONTAINER CHECK
2016/02/25 15:16:56 HC > THERE ARE NO CONTAINERS, SKIPPING HEALTHCHECK
2016/02/25 15:17:01 Initializing Database connection.
2016/02/25 15:17:01 Web server active
2016/02/25 15:17:01 TaskHandler Init
2016/02/25 15:17:11 Run HealthCheck
2016/02/25 15:17:11 HC > NODE | Left | IS CURRENTLY NOT ACCESSIBLE, FLAG AS DOWN
2016/02/25 15:17:11 HC > STARTING CONTAINER CHECK
2016/02/25 15:17:11 HC > THERE ARE NO CONTAINERS, SKIPPING HEALTHCHECK
2016/02/25 15:17:21 Run HealthCheck
2016/02/25 15:17:21 HC > NODE | Left | IS CURRENTLY NOT ACCESSIBLE, FLAG AS DOWN
2016/02/25 15:17:21 HC > STARTING CONTAINER CHECK
2016/02/25 15:17:21 HC > THERE ARE NO CONTAINERS, SKIPPING HEALTHCHECK
2016/02/25 15:17:31 Run HealthCheck
2016/02/25 15:17:31 HC > NODE | Left | IS CURRENTLY NOT ACCESSIBLE, FLAG AS DOWN
2016/02/25 15:17:31 HC > STARTING CONTAINER CHECK
2016/02/25 15:17:31 HC > THERE ARE NO CONTAINERS, SKIPPING HEALTHCHECK
2016/02/25 15:17:43 Initializing Database connection.
2016/02/25 15:17:43 Web server active
2016/02/25 15:17:43 TaskHandler Init
2016/02/25 15:17:43 Node added to cluster
2016/02/25 15:17:53 Run HealthCheck
2016/02/25 15:17:53 HC > NODE | New Node | IS CURRENTLY NOT ACCESSIBLE, FLAG AS DOWN
2016/02/25 15:17:53 HC > NODE | Left | IS CURRENTLY NOT ACCESSIBLE, FLAG AS DOWN
2016/02/25 15:17:53 HC > STARTING CONTAINER CHECK
2016/02/25 15:17:53 HC > THERE ARE NO CONTAINERS, SKIPPING HEALTHCHECK
2016/02/25 15:18:03 Run HealthCheck
2016/02/25 15:18:03 HC > NODE | New Node | IS CURRENTLY NOT ACCESSIBLE, FLAG AS DOWN
2016/02/25 15:18:03 HC > NODE | New Node | IS CURRENTLY NOT ACCESSIBLE, FLAG AS DOWN
2016/02/25 15:18:03 HC > NODE | Left | IS CURRENTLY NOT ACCESSIBLE, FLAG AS DOWN
2016/02/25 15:18:03 HC > STARTING CONTAINER CHECK
2016/02/25 15:18:03 HC > THERE ARE NO CONTAINERS, SKIPPING HEALTHCHECK
2016/02/25 15:18:13 Run HealthCheck
2016/02/25 15:18:13 HC > NODE | New Node | IS CURRENTLY NOT ACCESSIBLE, FLAG AS DOWN
2016/02/25 15:18:13 HC > NODE | New Node | IS CURRENTLY NOT ACCESSIBLE, FLAG AS DOWN
2016/02/25 15:18:13 HC > NODE | Left | IS CURRENTLY NOT ACCESSIBLE, FLAG AS DOWN
2016/02/25 15:18:13 HC > STARTING CONTAINER CHECK
2016/02/25 15:18:13 HC > THERE ARE NO CONTAINERS, SKIPPING HEALTHCHECK
2016/02/25 15:18:18 Initializing Database connection.
2016/02/25 15:18:18 Web server active
2016/02/25 15:18:18 TaskHandler Init
2016/02/25 15:18:18 Node added to cluster
2016/02/25 15:18:18 Node added to cluster
2016/02/25 15:18:18 Node added to cluster
2016/02/25 15:18:28 Run HealthCheck
2016/02/25 15:18:28 HC > NODE | New Node | IS CURRENTLY NOT ACCESSIBLE, FLAG AS DOWN
2016/02/25 15:18:28 HC > NODE | New Node | IS CURRENTLY NOT ACCESSIBLE, FLAG AS DOWN
2016/02/25 15:18:28 HC > NODE | Left | IS CURRENTLY NOT ACCESSIBLE, FLAG AS DOWN
2016/02/25 15:18:28 HC > STARTING CONTAINER CHECK
2016/02/25 15:18:28 HC > THERE ARE NO CONTAINERS, SKIPPING HEALTHCHECK
2016/02/25 15:18:38 Run HealthCheck
2016/02/25 15:18:38 HC > NODE | New Node | IS CURRENTLY NOT ACCESSIBLE, FLAG AS DOWN
2016/02/25 15:18:38 HC > NODE | New Node | IS CURRENTLY NOT ACCESSIBLE, FLAG AS DOWN
2016/02/25 15:18:38 HC > NODE | Left | IS CURRENTLY NOT ACCESSIBLE, FLAG AS DOWN
2016/02/25 15:18:38 HC > STARTING CONTAINER CHECK
2016/02/25 15:18:38 HC > THERE ARE NO CONTAINERS, SKIPPING HEALTHCHECK
2016/02/25 15:18:48 Run HealthCheck
2016/02/25 15:18:48 HC > NODE | New Node | IS CURRENTLY NOT ACCESSIBLE, FLAG AS DOWN
2016/02/25 15:18:48 HC > NODE | New Node | IS CURRENTLY NOT ACCESSIBLE, FLAG AS DOWN
2016/02/25 15:18:48 HC > NODE | Left | IS CURRENTLY NOT ACCESSIBLE, FLAG AS DOWN
2016/02/25 15:18:48 HC > STARTING CONTAINER CHECK
2016/02/25 15:18:48 HC > THERE ARE NO CONTAINERS, SKIPPING HEALTHCHECK
2016/02/25 15:18:58 Run HealthCheck
2016/02/25 15:18:58 HC > NODE | New Node | IS CURRENTLY NOT ACCESSIBLE, FLAG AS DOWN
2016/02/25 15:18:58 HC > NODE | New Node | IS CURRENTLY NOT ACCESSIBLE, FLAG AS DOWN
2016/02/25 15:18:58 HC > NODE | Left | IS CURRENTLY NOT ACCESSIBLE, FLAG AS DOWN
2016/02/25 15:18:58 HC > STARTING CONTAINER CHECK
2016/02/25 15:18:58 HC > THERE ARE NO CONTAINERS, SKIPPING HEALTHCHECK
2016/02/25 15:19:10 Initializing Database connection.
2016/02/25 15:19:10 Web server active
2016/02/25 15:19:10 TaskHandler Init
2016/02/25 15:19:10 Node added to cluster
2016/02/25 15:19:10 Node added to cluster
2016/02/25 15:19:10 Node added to cluster
2016/02/25 15:19:11 I HAVE AN ID OF:  
2016/02/25 15:22:25 Initializing Database connection.
2016/02/25 15:22:25 Web server active
2016/02/25 15:22:25 TaskHandler Init
2016/02/25 15:22:25 Node added to cluster
2016/02/25 15:22:25 Node added to cluster
2016/02/25 15:22:25 Node added to cluster
2016/02/25 15:22:25 Node added to cluster
2016/02/25 15:22:28 I HAVE AN ID OF:  
2016/02/25 15:22:32 I HAVE AN ID OF:  
2016/02/25 15:22:33 I HAVE AN ID OF:  
2016/02/25 15:23:17 Initializing Database connection.
2016/02/25 15:23:17 Web server active
2016/02/25 15:23:17 TaskHandler Init
2016/02/25 15:23:17 Node added to cluster
2016/02/25 15:23:17 Node added to cluster
2016/02/25 15:23:17 Node added to cluster
2016/02/25 15:23:17 Node added to cluster
2016/02/25 15:23:17 Node added to cluster
2016/02/25 15:23:17 Node added to cluster
2016/02/25 15:23:17 Node added to cluster
2016/02/25 15:23:21 {      }
2016/02/25 15:23:21 I HAVE AN ID OF:  
2016/02/25 15:33:37 Initializing Database connection.
2016/02/25 15:33:37 Web server active
2016/02/25 15:33:37 TaskHandler Init
2016/02/25 15:33:37 Node added to cluster
2016/02/25 15:33:37 Node added to cluster
2016/02/25 15:33:37 Node added to cluster
2016/02/25 15:33:37 Node added to cluster
2016/02/25 15:33:37 Node added to cluster
2016/02/25 15:33:37 Node added to cluster
2016/02/25 15:33:37 Node added to cluster
2016/02/25 15:33:37 Node added to cluster
2016/02/25 15:33:44 Node added to cluster
2016/02/25 15:34:18 Initializing Database connection.
2016/02/25 15:34:18 Web server active
2016/02/25 15:34:18 TaskHandler Init
2016/02/25 15:34:18 Node added to cluster
2016/02/25 15:34:18 Node added to cluster
2016/02/25 15:34:18 Node added to cluster
2016/02/25 15:34:18 Node added to cluster
2016/02/25 15:34:18 Node added to cluster
2016/02/25 15:34:18 Node added to cluster
2016/02/25 15:34:18 Node added to cluster
2016/02/25 15:34:18 Node added to cluster
2016/02/25 15:34:18 Node added to cluster
2016/02/25 15:34:20 FIND ID  b38687c6-66a0-4f55-b523-f664f2dbed18
2016/02/25 15:34:20 Node added to cluster
2016/02/25 15:36:00 Initializing Database connection.
2016/02/25 15:36:00 Web server active
2016/02/25 15:36:00 TaskHandler Init
2016/02/25 15:36:00 Node added to cluster
2016/02/25 15:36:00 Node added to cluster
2016/02/25 15:36:00 Node added to cluster
2016/02/25 15:36:00 Node added to cluster
2016/02/25 15:36:00 Node added to cluster
2016/02/25 15:36:00 Node added to cluster
2016/02/25 15:36:00 Node added to cluster
2016/02/25 15:36:00 Node added to cluster
2016/02/25 15:36:00 Node added to cluster
2016/02/25 15:36:00 Node added to cluster
2016/02/25 15:36:02 FIND ID  534124cb-dd6f-4b20-8e11-5df669832ba9
2016/02/25 15:36:02 Node added to cluster
2016/02/25 15:36:55 Initializing Database connection.
2016/02/25 15:36:55 Web server active
2016/02/25 15:36:55 TaskHandler Init
2016/02/25 15:36:55 Node added to cluster
2016/02/25 15:36:55 Node added to cluster
2016/02/25 15:36:55 Node added to cluster
2016/02/25 15:36:55 Node added to cluster
2016/02/25 15:36:55 Node added to cluster
2016/02/25 15:36:55 Node added to cluster
2016/02/25 15:36:55 Node added to cluster
2016/02/25 15:36:55 Node added to cluster
2016/02/25 15:36:55 Node added to cluster
2016/02/25 15:36:55 Node added to cluster
2016/02/25 15:36:55 Node added to cluster
2016/02/25 15:38:21 Initializing Database connection.
2016/02/25 15:38:21 Web server active
2016/02/25 15:38:21 TaskHandler Init
2016/02/25 15:38:21 Node added to cluster
2016/02/25 15:38:21 &{e3403a9e-9d76-41b2-9a7c-79ea4a396a6c  New Node 0.0.0.0 2375  NEW}
2016/02/25 15:38:21 Node added to cluster
2016/02/25 15:38:21 &{3d238bf4-81d9-42cb-b57d-38cb376d9a7a  New Node 0.0.0.0 2375  NEW}
2016/02/25 15:38:21 Node added to cluster
2016/02/25 15:38:21 &{cc50b588-9ffc-486c-959e-caf6fc72570e  New Node 0.0.0.0 2375  NEW}
2016/02/25 15:38:21 Node added to cluster
2016/02/25 15:38:21 &{476f9a70-e9d8-4ab7-ab68-5f77c59ee6c4  New Node 0.0.0.0 2375  NEW}
2016/02/25 15:38:21 Node added to cluster
2016/02/25 15:38:21 &{0ebbbe73-4613-4977-9999-3fce138982ce  New Node 0.0.0.0 2375  NEW}
2016/02/25 15:38:21 Node added to cluster
2016/02/25 15:38:21 &{aba29f20-8d33-43a8-86b9-69feab77bff0  New Node 0.0.0.0 2375  NEW}
2016/02/25 15:38:21 Node added to cluster
2016/02/25 15:38:21 &{534124cb-dd6f-4b20-8e11-5df669832ba9  New Node 0.0.0.0 2375  NEW}
2016/02/25 15:38:21 Node added to cluster
2016/02/25 15:38:21 &{8d9674e5-b823-4f9a-b63d-2a5403a16fd8  New Node 0.0.0.0 2375  NEW}
2016/02/25 15:38:21 Node added to cluster
2016/02/25 15:38:21 &{b38687c6-66a0-4f55-b523-f664f2dbed18  New Node 0.0.0.0 2375  NEW}
2016/02/25 15:38:21 Node added to cluster
2016/02/25 15:38:21 &{54d6dc2f-33de-49bb-b5fd-c2a9e58edab1  Left 192.168.100.50 2375 0 UP}
2016/02/25 15:38:21 Node added to cluster
2016/02/25 15:38:21 &{c29bf7c9-ef55-4879-b546-9afafefa282d  New Node 0.0.0.0 2375  NEW}
2016/02/25 15:38:26 FIND ID  e36f1a82-03bd-4a1f-a455-4097cfbc77b3
2016/02/25 15:38:26 Node added to cluster
2016/02/25 15:38:26 &{e36f1a82-03bd-4a1f-a455-4097cfbc77b3  New Node 0.0.0.0 2375  NEW}
2016/02/25 15:40:21 Initializing Database connection.
2016/02/25 15:40:21 Web server active
2016/02/25 15:40:21 TaskHandler Init
2016/02/25 15:40:21 Node added to cluster
2016/02/25 15:40:21 &{e3403a9e-9d76-41b2-9a7c-79ea4a396a6c  New Node 0.0.0.0 2375  NEW}
2016/02/25 15:40:21 Node added to cluster
2016/02/25 15:40:21 &{3d238bf4-81d9-42cb-b57d-38cb376d9a7a  New Node 0.0.0.0 2375  NEW}
2016/02/25 15:40:21 Node added to cluster
2016/02/25 15:40:21 &{cc50b588-9ffc-486c-959e-caf6fc72570e  New Node 0.0.0.0 2375  NEW}
2016/02/25 15:40:21 Node added to cluster
2016/02/25 15:40:21 &{476f9a70-e9d8-4ab7-ab68-5f77c59ee6c4  New Node 0.0.0.0 2375  NEW}
2016/02/25 15:40:21 Node added to cluster
2016/02/25 15:40:21 &{0ebbbe73-4613-4977-9999-3fce138982ce  New Node 0.0.0.0 2375  NEW}
2016/02/25 15:40:21 Node added to cluster
2016/02/25 15:40:21 &{aba29f20-8d33-43a8-86b9-69feab77bff0  New Node 0.0.0.0 2375  NEW}
2016/02/25 15:40:21 Node added to cluster
2016/02/25 15:40:21 &{534124cb-dd6f-4b20-8e11-5df669832ba9  New Node 0.0.0.0 2375  NEW}
2016/02/25 15:40:21 Node added to cluster
2016/02/25 15:40:21 &{8d9674e5-b823-4f9a-b63d-2a5403a16fd8  New Node 0.0.0.0 2375  NEW}
2016/02/25 15:40:21 Node added to cluster
2016/02/25 15:40:21 &{b38687c6-66a0-4f55-b523-f664f2dbed18  New Node 0.0.0.0 2375  NEW}
2016/02/25 15:40:21 Node added to cluster
2016/02/25 15:40:21 &{54d6dc2f-33de-49bb-b5fd-c2a9e58edab1  Left 192.168.100.50 2375 0 UP}
2016/02/25 15:40:21 Node added to cluster
2016/02/25 15:40:21 &{c29bf7c9-ef55-4879-b546-9afafefa282d  New Node 0.0.0.0 2375  NEW}
2016/02/25 15:40:21 Node added to cluster
2016/02/25 15:40:21 &{e36f1a82-03bd-4a1f-a455-4097cfbc77b3  New Node 0.0.0.0 2375  NEW}
2016/02/25 15:40:25 FIND ID  2869ebb9-adf2-432b-a690-c2d44acbf929
2016/02/25 15:40:25 Node added to cluster
2016/02/25 15:40:25 &{2869ebb9-adf2-432b-a690-c2d44acbf929  New Node 0.0.0.0 2375  NEW}
2016/02/25 15:40:28 FIND ID  99cba41d-540a-4693-a195-4de18aa11d33
2016/02/25 15:40:28 Node added to cluster
2016/02/25 15:40:28 &{99cba41d-540a-4693-a195-4de18aa11d33  New Node 0.0.0.0 2375  NEW}
2016/02/25 15:40:29 FIND ID  8d59ffaf-12a3-433d-8256-a04915d9e42c
2016/02/25 15:40:29 Node added to cluster
2016/02/25 15:40:29 &{8d59ffaf-12a3-433d-8256-a04915d9e42c  New Node 0.0.0.0 2375  NEW}
2016/02/25 15:40:30 FIND ID  7ddff86a-323b-49af-a31c-61c02e0a7373
2016/02/25 15:40:30 Node added to cluster
2016/02/25 15:40:30 &{7ddff86a-323b-49af-a31c-61c02e0a7373  New Node 0.0.0.0 2375  NEW}
2016/02/25 15:40:31 Run HealthCheck
2016/02/25 15:40:31 HC > NODE | New Node | IS CURRENTLY NOT ACCESSIBLE, FLAG AS DOWN
2016/02/25 15:40:31 HC > NODE | New Node | IS CURRENTLY NOT ACCESSIBLE, FLAG AS DOWN
2016/02/25 15:40:31 HC > NODE | New Node | IS CURRENTLY NOT ACCESSIBLE, FLAG AS DOWN
2016/02/25 15:40:31 HC > NODE | New Node | IS CURRENTLY NOT ACCESSIBLE, FLAG AS DOWN
2016/02/25 15:40:31 HC > NODE | New Node | IS CURRENTLY NOT ACCESSIBLE, FLAG AS DOWN
2016/02/25 15:40:31 HC > NODE | New Node | IS CURRENTLY NOT ACCESSIBLE, FLAG AS DOWN
2016/02/25 15:40:31 HC > NODE | New Node | IS CURRENTLY NOT ACCESSIBLE, FLAG AS DOWN
2016/02/25 15:40:31 HC > NODE | New Node | IS CURRENTLY NOT ACCESSIBLE, FLAG AS DOWN
2016/02/25 15:40:31 HC > NODE | New Node | IS CURRENTLY NOT ACCESSIBLE, FLAG AS DOWN
2016/02/25 15:40:31 HC > NODE | New Node | IS CURRENTLY NOT ACCESSIBLE, FLAG AS DOWN
2016/02/25 15:40:31 HC > NODE | Left | IS CURRENTLY NOT ACCESSIBLE, FLAG AS DOWN
2016/02/25 15:40:31 HC > NODE | New Node | IS CURRENTLY NOT ACCESSIBLE, FLAG AS DOWN
2016/02/25 15:40:31 HC > NODE | New Node | IS CURRENTLY NOT ACCESSIBLE, FLAG AS DOWN
2016/02/25 15:40:31 HC > NODE | New Node | IS CURRENTLY NOT ACCESSIBLE, FLAG AS DOWN
2016/02/25 15:40:31 HC > NODE | New Node | IS CURRENTLY NOT ACCESSIBLE, FLAG AS DOWN
2016/02/25 15:40:31 HC > NODE | New Node | IS CURRENTLY NOT ACCESSIBLE, FLAG AS DOWN
2016/02/25 15:40:31 HC > STARTING CONTAINER CHECK
2016/02/25 15:40:31 HC > THERE ARE NO CONTAINERS, SKIPPING HEALTHCHECK
2016/02/25 15:40:41 Run HealthCheck
2016/02/25 15:40:41 HC > NODE | New Node | IS CURRENTLY NOT ACCESSIBLE, FLAG AS DOWN
2016/02/25 15:40:41 HC > NODE | New Node | IS CURRENTLY NOT ACCESSIBLE, FLAG AS DOWN
2016/02/25 15:40:41 HC > NODE | New Node | IS CURRENTLY NOT ACCESSIBLE, FLAG AS DOWN
2016/02/25 15:40:41 HC > NODE | New Node | IS CURRENTLY NOT ACCESSIBLE, FLAG AS DOWN
2016/02/25 15:40:41 HC > NODE | New Node | IS CURRENTLY NOT ACCESSIBLE, FLAG AS DOWN
2016/02/25 15:40:41 HC > NODE | New Node | IS CURRENTLY NOT ACCESSIBLE, FLAG AS DOWN
2016/02/25 15:40:41 HC > NODE | New Node | IS CURRENTLY NOT ACCESSIBLE, FLAG AS DOWN
2016/02/25 15:40:41 HC > NODE | New Node | IS CURRENTLY NOT ACCESSIBLE, FLAG AS DOWN
2016/02/25 15:40:41 HC > NODE | New Node | IS CURRENTLY NOT ACCESSIBLE, FLAG AS DOWN
2016/02/25 15:40:41 HC > NODE | New Node | IS CURRENTLY NOT ACCESSIBLE, FLAG AS DOWN
2016/02/25 15:40:41 HC > NODE | Left | IS CURRENTLY NOT ACCESSIBLE, FLAG AS DOWN
2016/02/25 15:40:41 HC > NODE | New Node | IS CURRENTLY NOT ACCESSIBLE, FLAG AS DOWN
2016/02/25 15:40:41 HC > NODE | New Node | IS CURRENTLY NOT ACCESSIBLE, FLAG AS DOWN
2016/02/25 15:40:41 HC > NODE | New Node | IS CURRENTLY NOT ACCESSIBLE, FLAG AS DOWN
2016/02/25 15:40:41 HC > NODE | New Node | IS CURRENTLY NOT ACCESSIBLE, FLAG AS DOWN
2016/02/25 15:40:41 HC > NODE | New Node | IS CURRENTLY NOT ACCESSIBLE, FLAG AS DOWN
2016/02/25 15:40:41 HC > STARTING CONTAINER CHECK
2016/02/25 15:40:41 HC > THERE ARE NO CONTAINERS, SKIPPING HEALTHCHECK
2016/02/25 15:40:51 Initializing Database connection.
2016/02/25 15:40:51 Web server active
2016/02/25 15:40:51 TaskHandler Init
2016/02/25 15:40:51 Node added to cluster
2016/02/25 15:40:51 &{e3403a9e-9d76-41b2-9a7c-79ea4a396a6c  New Node 0.0.0.0 2375  NEW}
2016/02/25 15:40:51 Node added to cluster
2016/02/25 15:40:51 &{3d238bf4-81d9-42cb-b57d-38cb376d9a7a  New Node 0.0.0.0 2375  NEW}
2016/02/25 15:40:51 Node added to cluster
2016/02/25 15:40:51 &{99cba41d-540a-4693-a195-4de18aa11d33  New Node 0.0.0.0 2375  NEW}
2016/02/25 15:40:51 Node added to cluster
2016/02/25 15:40:51 &{2869ebb9-adf2-432b-a690-c2d44acbf929  New Node 0.0.0.0 2375  NEW}
2016/02/25 15:40:51 Node added to cluster
2016/02/25 15:40:51 &{0ebbbe73-4613-4977-9999-3fce138982ce  New Node 0.0.0.0 2375  NEW}
2016/02/25 15:40:51 Node added to cluster
2016/02/25 15:40:51 &{8d59ffaf-12a3-433d-8256-a04915d9e42c  New Node 0.0.0.0 2375  NEW}
2016/02/25 15:40:51 Node added to cluster
2016/02/25 15:40:51 &{534124cb-dd6f-4b20-8e11-5df669832ba9  New Node 0.0.0.0 2375  NEW}
2016/02/25 15:40:51 Node added to cluster
2016/02/25 15:40:51 &{8d9674e5-b823-4f9a-b63d-2a5403a16fd8  New Node 0.0.0.0 2375  NEW}
2016/02/25 15:40:51 Node added to cluster
2016/02/25 15:40:51 &{cc50b588-9ffc-486c-959e-caf6fc72570e  New Node 0.0.0.0 2375  NEW}
2016/02/25 15:40:51 Node added to cluster
2016/02/25 15:40:51 &{476f9a70-e9d8-4ab7-ab68-5f77c59ee6c4  New Node 0.0.0.0 2375  NEW}
2016/02/25 15:40:51 Node added to cluster
2016/02/25 15:40:51 &{54d6dc2f-33de-49bb-b5fd-c2a9e58edab1  Left 192.168.100.50 2375 0 UP}
2016/02/25 15:40:51 Node added to cluster
2016/02/25 15:40:51 &{aba29f20-8d33-43a8-86b9-69feab77bff0  New Node 0.0.0.0 2375  NEW}
2016/02/25 15:40:51 Node added to cluster
2016/02/25 15:40:51 &{7ddff86a-323b-49af-a31c-61c02e0a7373  New Node 0.0.0.0 2375  NEW}
2016/02/25 15:40:51 Node added to cluster
2016/02/25 15:40:51 &{b38687c6-66a0-4f55-b523-f664f2dbed18  New Node 0.0.0.0 2375  NEW}
2016/02/25 15:40:51 Node added to cluster
2016/02/25 15:40:51 &{c29bf7c9-ef55-4879-b546-9afafefa282d  New Node 0.0.0.0 2375  NEW}
2016/02/25 15:40:51 Node added to cluster
2016/02/25 15:40:51 &{e36f1a82-03bd-4a1f-a455-4097cfbc77b3  New Node 0.0.0.0 2375  NEW}
2016/02/25 15:41:35 Initializing Database connection.
2016/02/25 15:41:35 Web server active
2016/02/25 15:41:35 TaskHandler Init
2016/02/25 15:41:35 error getting nodes:  NO NODES
2016/02/25 15:41:44 FIND ID  17d23baf-ad56-4300-bd5e-fe43a94a273e
2016/02/25 15:41:45 Run HealthCheck
2016/02/25 15:41:45 HC > NODE | New Node | IS CURRENTLY NOT ACCESSIBLE, FLAG AS DOWN
2016/02/25 15:41:45 HC > STARTING CONTAINER CHECK
2016/02/25 15:41:45 HC > THERE ARE NO CONTAINERS, SKIPPING HEALTHCHECK
2016/02/25 15:41:55 Run HealthCheck
2016/02/25 15:41:55 HC > NODE | New Node | IS CURRENTLY NOT ACCESSIBLE, FLAG AS DOWN
2016/02/25 15:41:55 HC > STARTING CONTAINER CHECK
2016/02/25 15:41:55 HC > THERE ARE NO CONTAINERS, SKIPPING HEALTHCHECK
2016/02/25 15:42:04 
2016/02/25 15:42:05 Run HealthCheck
2016/02/25 15:42:05 HC > NODE WITH HOSTNAME | LOCAL- RIGHT | IS HEALTHY, FLAG AS UP
2016/02/25 15:42:05 HC > STARTING CONTAINER CHECK
2016/02/25 15:42:05 HC > THERE ARE NO CONTAINERS, SKIPPING HEALTHCHECK
2016/02/25 15:42:15 Run HealthCheck
2016/02/25 15:42:15 HC > NODE WITH HOSTNAME | LOCAL- RIGHT | IS HEALTHY, FLAG AS UP
2016/02/25 15:42:15 HC > STARTING CONTAINER CHECK
2016/02/25 15:42:15 HC > THERE ARE NO CONTAINERS, SKIPPING HEALTHCHECK
2016/02/25 15:42:25 Run HealthCheck
2016/02/25 15:42:25 HC > NODE WITH HOSTNAME | LOCAL- RIGHT | IS HEALTHY, FLAG AS UP
2016/02/25 15:42:25 HC > STARTING CONTAINER CHECK
2016/02/25 15:42:25 HC > THERE ARE NO CONTAINERS, SKIPPING HEALTHCHECK
2016/02/25 15:42:35 Run HealthCheck
2016/02/25 15:42:35 HC > NODE WITH HOSTNAME | LOCAL- RIGHT | IS HEALTHY, FLAG AS UP
2016/02/25 15:42:35 HC > STARTING CONTAINER CHECK
2016/02/25 15:42:35 HC > THERE ARE NO CONTAINERS, SKIPPING HEALTHCHECK
2016/02/25 15:42:56 Initializing Database connection.
2016/02/25 15:42:56 Web server active
2016/02/25 15:42:56 TaskHandler Init
2016/02/25 15:42:56 Node added to cluster
2016/02/25 15:42:56 &{17d23baf-ad56-4300-bd5e-fe43a94a273e  LOCAL- RIGHT 192.168.100.51 2375  NEW}
2016/02/25 15:43:06 Run HealthCheck
2016/02/25 15:43:06 HC > NODE WITH HOSTNAME | LOCAL- RIGHT | IS HEALTHY, FLAG AS UP
2016/02/25 15:43:06 HC > STARTING CONTAINER CHECK
2016/02/25 15:43:06 HC > THERE ARE NO CONTAINERS, SKIPPING HEALTHCHECK
2016/02/25 15:43:16 Run HealthCheck
2016/02/25 15:43:16 HC > NODE WITH HOSTNAME | LOCAL- RIGHT | IS HEALTHY, FLAG AS UP
2016/02/25 15:43:16 HC > STARTING CONTAINER CHECK
2016/02/25 15:43:16 HC > THERE ARE NO CONTAINERS, SKIPPING HEALTHCHECK
2016/02/25 15:43:26 Run HealthCheck
2016/02/25 15:43:26 HC > NODE WITH HOSTNAME | LOCAL- RIGHT | IS HEALTHY, FLAG AS UP
2016/02/25 15:43:26 HC > STARTING CONTAINER CHECK
2016/02/25 15:43:26 HC > THERE ARE NO CONTAINERS, SKIPPING HEALTHCHECK
2016/02/25 15:43:36 Run HealthCheck
2016/02/25 15:43:36 HC > NODE WITH HOSTNAME | LOCAL- RIGHT | IS HEALTHY, FLAG AS UP
2016/02/25 15:43:36 HC > STARTING CONTAINER CHECK
2016/02/25 15:43:36 HC > THERE ARE NO CONTAINERS, SKIPPING HEALTHCHECK
2016/02/25 15:43:46 Run HealthCheck
2016/02/25 15:43:46 HC > NODE WITH HOSTNAME | LOCAL- RIGHT | IS HEALTHY, FLAG AS UP
2016/02/25 15:43:46 HC > STARTING CONTAINER CHECK
2016/02/25 15:43:46 HC > THERE ARE NO CONTAINERS, SKIPPING HEALTHCHECK
2016/02/25 15:43:56 Run HealthCheck
2016/02/25 15:43:56 HC > NODE WITH HOSTNAME | LOCAL- RIGHT | IS HEALTHY, FLAG AS UP
2016/02/25 15:43:56 HC > STARTING CONTAINER CHECK
2016/02/25 15:43:56 HC > THERE ARE NO CONTAINERS, SKIPPING HEALTHCHECK
2016/02/25 15:44:06 Run HealthCheck
2016/02/25 15:44:06 HC > NODE WITH HOSTNAME | LOCAL- RIGHT | IS HEALTHY, FLAG AS UP
2016/02/25 15:44:06 HC > STARTING CONTAINER CHECK
2016/02/25 15:44:06 HC > THERE ARE NO CONTAINERS, SKIPPING HEALTHCHECK
2016/02/25 15:44:16 Run HealthCheck
2016/02/25 15:44:16 HC > NODE WITH HOSTNAME | LOCAL- RIGHT | IS HEALTHY, FLAG AS UP
2016/02/25 15:44:16 HC > STARTING CONTAINER CHECK
2016/02/25 15:44:16 HC > THERE ARE NO CONTAINERS, SKIPPING HEALTHCHECK
2016/02/25 15:44:26 Run HealthCheck
2016/02/25 15:44:26 HC > NODE WITH HOSTNAME | LOCAL- RIGHT | IS HEALTHY, FLAG AS UP
2016/02/25 15:44:26 HC > STARTING CONTAINER CHECK
2016/02/25 15:44:26 HC > THERE ARE NO CONTAINERS, SKIPPING HEALTHCHECK
2016/02/25 15:44:36 Run HealthCheck
2016/02/25 15:44:36 HC > NODE WITH HOSTNAME | LOCAL- RIGHT | IS HEALTHY, FLAG AS UP
2016/02/25 15:44:36 HC > STARTING CONTAINER CHECK
2016/02/25 15:44:36 HC > THERE ARE NO CONTAINERS, SKIPPING HEALTHCHECK
2016/02/25 15:50:14 Initializing Database connection.
2016/02/25 15:50:14 Web server active
2016/02/25 15:50:14 TaskHandler Init
2016/02/25 15:50:14 Node added to cluster
2016/02/25 15:50:14 &{17d23baf-ad56-4300-bd5e-fe43a94a273e  LOCAL- RIGHT 192.168.100.51 2375  NEW}
2016/02/25 15:50:24 Run HealthCheck
2016/02/25 15:50:24 HC > NODE WITH HOSTNAME | LOCAL- RIGHT | IS HEALTHY, FLAG AS UP
2016/02/25 15:50:24 HC > STARTING CONTAINER CHECK
2016/02/25 15:50:24 HC > THERE ARE NO CONTAINERS, SKIPPING HEALTHCHECK
2016/02/25 15:50:34 Run HealthCheck
2016/02/25 15:50:34 HC > NODE WITH HOSTNAME | LOCAL- RIGHT | IS HEALTHY, FLAG AS UP
2016/02/25 15:50:34 HC > STARTING CONTAINER CHECK
2016/02/25 15:50:34 HC > THERE ARE NO CONTAINERS, SKIPPING HEALTHCHECK
2016/02/25 15:50:44 Run HealthCheck
2016/02/25 15:50:44 HC > NODE WITH HOSTNAME | LOCAL- RIGHT | IS HEALTHY, FLAG AS UP
2016/02/25 15:50:44 HC > STARTING CONTAINER CHECK
2016/02/25 15:50:44 HC > THERE ARE NO CONTAINERS, SKIPPING HEALTHCHECK
2016/02/25 15:50:54 Run HealthCheck
2016/02/25 15:50:54 HC > NODE WITH HOSTNAME | LOCAL- RIGHT | IS HEALTHY, FLAG AS UP
2016/02/25 15:50:54 HC > STARTING CONTAINER CHECK
2016/02/25 15:50:54 HC > THERE ARE NO CONTAINERS, SKIPPING HEALTHCHECK
2016/02/25 15:51:04 Run HealthCheck
2016/02/25 15:51:04 HC > NODE WITH HOSTNAME | LOCAL- RIGHT | IS HEALTHY, FLAG AS UP
2016/02/25 15:51:04 HC > STARTING CONTAINER CHECK
2016/02/25 15:51:04 HC > THERE ARE NO CONTAINERS, SKIPPING HEALTHCHECK
2016/02/25 15:51:14 Run HealthCheck
2016/02/25 15:51:14 HC > NODE WITH HOSTNAME | LOCAL- RIGHT | IS HEALTHY, FLAG AS UP
2016/02/25 15:51:14 HC > STARTING CONTAINER CHECK
2016/02/25 15:51:14 HC > THERE ARE NO CONTAINERS, SKIPPING HEALTHCHECK
2016/02/25 15:51:24 Run HealthCheck
2016/02/25 15:51:24 HC > NODE WITH HOSTNAME | LOCAL- RIGHT | IS HEALTHY, FLAG AS UP
2016/02/25 15:51:24 HC > STARTING CONTAINER CHECK
2016/02/25 15:51:24 HC > THERE ARE NO CONTAINERS, SKIPPING HEALTHCHECK
2016/02/25 15:51:30 Initializing Database connection.
2016/02/25 15:51:30 Web server active
2016/02/25 15:51:30 TaskHandler Init
2016/02/25 15:51:30 Node added to cluster
2016/02/25 15:51:30 &{17d23baf-ad56-4300-bd5e-fe43a94a273e  LOCAL- RIGHT 192.168.100.51 2375  NEW}
2016/02/25 15:51:40 Run HealthCheck
2016/02/25 15:51:40 HC > NODE WITH HOSTNAME | LOCAL- RIGHT | IS HEALTHY, FLAG AS UP
2016/02/25 15:51:40 HC > STARTING CONTAINER CHECK
2016/02/25 15:51:50 Run HealthCheck
2016/02/25 15:51:50 HC > NODE WITH HOSTNAME | LOCAL- RIGHT | IS HEALTHY, FLAG AS UP
2016/02/25 15:51:50 HC > STARTING CONTAINER CHECK
2016/02/25 15:52:00 Run HealthCheck
2016/02/25 15:52:00 HC > NODE WITH HOSTNAME | LOCAL- RIGHT | IS HEALTHY, FLAG AS UP
2016/02/25 15:52:00 HC > STARTING CONTAINER CHECK
2016/02/25 15:52:10 Run HealthCheck
2016/02/25 15:52:10 HC > NODE WITH HOSTNAME | LOCAL- RIGHT | IS HEALTHY, FLAG AS UP
2016/02/25 15:52:10 HC > STARTING CONTAINER CHECK
2016/02/25 15:52:20 Run HealthCheck
2016/02/25 15:52:20 HC > NODE WITH HOSTNAME | LOCAL- RIGHT | IS HEALTHY, FLAG AS UP
2016/02/25 15:52:20 HC > STARTING CONTAINER CHECK
2016/02/25 15:52:30 Run HealthCheck
2016/02/25 15:52:30 HC > NODE WITH HOSTNAME | LOCAL- RIGHT | IS HEALTHY, FLAG AS UP
2016/02/25 15:52:30 HC > STARTING CONTAINER CHECK
2016/02/25 15:52:40 Run HealthCheck
2016/02/25 15:52:40 HC > NODE WITH HOSTNAME | LOCAL- RIGHT | IS HEALTHY, FLAG AS UP
2016/02/25 15:52:40 HC > STARTING CONTAINER CHECK
2016/02/25 15:52:50 Run HealthCheck
2016/02/25 15:52:50 HC > NODE WITH HOSTNAME | LOCAL- RIGHT | IS HEALTHY, FLAG AS UP
2016/02/25 15:52:50 HC > STARTING CONTAINER CHECK
2016/02/25 15:53:00 Run HealthCheck
2016/02/25 15:53:00 HC > NODE WITH HOSTNAME | LOCAL- RIGHT | IS HEALTHY, FLAG AS UP
2016/02/25 15:53:00 HC > STARTING CONTAINER CHECK
2016/02/25 15:53:10 Run HealthCheck
2016/02/25 15:53:10 HC > NODE WITH HOSTNAME | LOCAL- RIGHT | IS HEALTHY, FLAG AS UP
2016/02/25 15:53:10 HC > STARTING CONTAINER CHECK
2016/02/25 15:53:20 Run HealthCheck
2016/02/25 15:53:20 HC > NODE WITH HOSTNAME | LOCAL- RIGHT | IS HEALTHY, FLAG AS UP
2016/02/25 15:53:20 HC > STARTING CONTAINER CHECK
2016/02/25 15:53:30 Run HealthCheck
2016/02/25 15:53:30 HC > NODE WITH HOSTNAME | LOCAL- RIGHT | IS HEALTHY, FLAG AS UP
2016/02/25 15:53:30 HC > STARTING CONTAINER CHECK
2016/02/25 15:53:40 Run HealthCheck
2016/02/25 15:53:40 HC > NODE WITH HOSTNAME | LOCAL- RIGHT | IS HEALTHY, FLAG AS UP
2016/02/25 15:53:40 HC > STARTING CONTAINER CHECK
2016/02/25 15:53:50 Run HealthCheck
2016/02/25 15:53:50 HC > NODE WITH HOSTNAME | LOCAL- RIGHT | IS HEALTHY, FLAG AS UP
2016/02/25 15:53:50 HC > STARTING CONTAINER CHECK
2016/02/25 15:54:00 Run HealthCheck
2016/02/25 15:54:00 HC > NODE WITH HOSTNAME | LOCAL- RIGHT | IS HEALTHY, FLAG AS UP
2016/02/25 15:54:00 HC > STARTING CONTAINER CHECK
2016/02/25 15:54:05 http: panic serving 127.0.0.1:37090: json: cannot unmarshal string into Go value of type bool
goroutine 34 [running]:
net/http.(*conn).serve.func1(0xc82025e000)
	/home/ozzadar/.gvm/gos/go1.6/src/net/http/server.go:1389 +0xc1
panic(0x919ec0, 0xc82001d680)
	/home/ozzadar/.gvm/gos/go1.6/src/runtime/panic.go:426 +0x4e9
github.com/klouds/kDaemon/controllers.(*ApplicationController).EditApplication(0xc8201660d8, 0x7f1296390100, 0xc82006a0d0, 0xc8203a0000, 0xc82026a180, 0x1, 0x1)
	/home/ozzadar/.gvm/pkgsets/go1.6/global/src/github.com/klouds/kDaemon/controllers/ApplicationController.go:68 +0x168
github.com/klouds/kDaemon/controllers.(*ApplicationController).EditApplication-fm(0x7f1296390100, 0xc82006a0d0, 0xc8203a0000, 0xc82026a180, 0x1, 0x1)
	/home/ozzadar/.gvm/pkgsets/go1.6/global/src/github.com/klouds/kDaemon/routers/apirouting.go:50 +0x5c
github.com/julienschmidt/httprouter.(*Router).ServeHTTP(0xc8201681c0, 0x7f1296390100, 0xc82006a0d0, 0xc8203a0000)
	/home/ozzadar/.gvm/pkgsets/go1.6/global/src/github.com/julienschmidt/httprouter/router.go:344 +0x195
github.com/rs/cors.(*Cors).Handler.func1(0x7f1296390100, 0xc82006a0d0, 0xc8203a0000)
	/home/ozzadar/.gvm/pkgsets/go1.6/global/src/github.com/rs/cors/cors.go:188 +0x1c5
net/http.HandlerFunc.ServeHTTP(0xc820162ce0, 0x7f1296390100, 0xc82006a0d0, 0xc8203a0000)
	/home/ozzadar/.gvm/gos/go1.6/src/net/http/server.go:1618 +0x3a
net/http.(*ServeMux).ServeHTTP(0xc82001ccf0, 0x7f1296390100, 0xc82006a0d0, 0xc8203a0000)
	/home/ozzadar/.gvm/gos/go1.6/src/net/http/server.go:1910 +0x17d
net/http.serverHandler.ServeHTTP(0xc820188100, 0x7f1296390100, 0xc82006a0d0, 0xc8203a0000)
	/home/ozzadar/.gvm/gos/go1.6/src/net/http/server.go:2081 +0x19e
net/http.(*conn).serve(0xc82025e000)
	/home/ozzadar/.gvm/gos/go1.6/src/net/http/server.go:1472 +0xf2e
created by net/http.(*Server).Serve
	/home/ozzadar/.gvm/gos/go1.6/src/net/http/server.go:2137 +0x44e
2016/02/25 15:54:05 http: panic serving 127.0.0.1:40962: json: cannot unmarshal string into Go value of type bool
goroutine 11 [running]:
net/http.(*conn).serve.func1(0xc820188080)
	/home/ozzadar/.gvm/gos/go1.6/src/net/http/server.go:1389 +0xc1
panic(0x919ec0, 0xc8202fc180)
	/home/ozzadar/.gvm/gos/go1.6/src/runtime/panic.go:426 +0x4e9
github.com/klouds/kDaemon/controllers.(*ApplicationController).EditApplication(0xc8201660d8, 0x7f1296390100, 0xc82012a5b0, 0xc8203c4000, 0xc8200c0d00, 0x1, 0x1)
	/home/ozzadar/.gvm/pkgsets/go1.6/global/src/github.com/klouds/kDaemon/controllers/ApplicationController.go:68 +0x168
github.com/klouds/kDaemon/controllers.(*ApplicationController).EditApplication-fm(0x7f1296390100, 0xc82012a5b0, 0xc8203c4000, 0xc8200c0d00, 0x1, 0x1)
	/home/ozzadar/.gvm/pkgsets/go1.6/global/src/github.com/klouds/kDaemon/routers/apirouting.go:50 +0x5c
github.com/julienschmidt/httprouter.(*Router).ServeHTTP(0xc8201681c0, 0x7f1296390100, 0xc82012a5b0, 0xc8203c4000)
	/home/ozzadar/.gvm/pkgsets/go1.6/global/src/github.com/julienschmidt/httprouter/router.go:344 +0x195
github.com/rs/cors.(*Cors).Handler.func1(0x7f1296390100, 0xc82012a5b0, 0xc8203c4000)
	/home/ozzadar/.gvm/pkgsets/go1.6/global/src/github.com/rs/cors/cors.go:188 +0x1c5
net/http.HandlerFunc.ServeHTTP(0xc820162ce0, 0x7f1296390100, 0xc82012a5b0, 0xc8203c4000)
	/home/ozzadar/.gvm/gos/go1.6/src/net/http/server.go:1618 +0x3a
net/http.(*ServeMux).ServeHTTP(0xc82001ccf0, 0x7f1296390100, 0xc82012a5b0, 0xc8203c4000)
	/home/ozzadar/.gvm/gos/go1.6/src/net/http/server.go:1910 +0x17d
net/http.serverHandler.ServeHTTP(0xc820188100, 0x7f1296390100, 0xc82012a5b0, 0xc8203c4000)
	/home/ozzadar/.gvm/gos/go1.6/src/net/http/server.go:2081 +0x19e
net/http.(*conn).serve(0xc820188080)
	/home/ozzadar/.gvm/gos/go1.6/src/net/http/server.go:1472 +0xf2e
created by net/http.(*Server).Serve
	/home/ozzadar/.gvm/gos/go1.6/src/net/http/server.go:2137 +0x44e
2016/02/25 15:54:10 Run HealthCheck
2016/02/25 15:54:10 HC > NODE WITH HOSTNAME | LOCAL- RIGHT | IS HEALTHY, FLAG AS UP
2016/02/25 15:54:10 HC > STARTING CONTAINER CHECK
2016/02/25 15:54:20 Run HealthCheck
2016/02/25 15:54:20 HC > NODE WITH HOSTNAME | LOCAL- RIGHT | IS HEALTHY, FLAG AS UP
2016/02/25 15:54:20 HC > STARTING CONTAINER CHECK
2016/02/25 15:54:30 Run HealthCheck
2016/02/25 15:54:30 HC > NODE WITH HOSTNAME | LOCAL- RIGHT | IS HEALTHY, FLAG AS UP
2016/02/25 15:54:30 HC > STARTING CONTAINER CHECK
2016/02/25 15:54:40 Run HealthCheck
2016/02/25 15:54:40 HC > NODE WITH HOSTNAME | LOCAL- RIGHT | IS HEALTHY, FLAG AS UP
2016/02/25 15:54:40 HC > STARTING CONTAINER CHECK
2016/02/25 15:54:50 Run HealthCheck
2016/02/25 15:54:50 HC > NODE WITH HOSTNAME | LOCAL- RIGHT | IS HEALTHY, FLAG AS UP
2016/02/25 15:54:50 HC > STARTING CONTAINER CHECK
2016/02/25 15:55:00 Run HealthCheck
2016/02/25 15:55:00 HC > NODE WITH HOSTNAME | LOCAL- RIGHT | IS HEALTHY, FLAG AS UP
2016/02/25 15:55:00 HC > STARTING CONTAINER CHECK
2016/02/25 15:55:10 Run HealthCheck
2016/02/25 15:55:10 HC > NODE WITH HOSTNAME | LOCAL- RIGHT | IS HEALTHY, FLAG AS UP
2016/02/25 15:55:10 HC > STARTING CONTAINER CHECK
2016/02/25 15:55:20 Run HealthCheck
2016/02/25 15:55:20 HC > NODE WITH HOSTNAME | LOCAL- RIGHT | IS HEALTHY, FLAG AS UP
2016/02/25 15:55:20 HC > STARTING CONTAINER CHECK
2016/02/25 15:55:30 Run HealthCheck
2016/02/25 15:55:30 HC > NODE WITH HOSTNAME | LOCAL- RIGHT | IS HEALTHY, FLAG AS UP
2016/02/25 15:55:30 HC > STARTING CONTAINER CHECK
2016/02/25 15:55:40 Run HealthCheck
2016/02/25 15:55:40 HC > NODE WITH HOSTNAME | LOCAL- RIGHT | IS HEALTHY, FLAG AS UP
2016/02/25 15:55:40 HC > STARTING CONTAINER CHECK
2016/02/25 15:55:50 Run HealthCheck
2016/02/25 15:55:50 HC > NODE WITH HOSTNAME | LOCAL- RIGHT | IS HEALTHY, FLAG AS UP
2016/02/25 15:55:50 HC > STARTING CONTAINER CHECK
2016/02/25 15:56:00 Run HealthCheck
2016/02/25 15:56:00 HC > NODE WITH HOSTNAME | LOCAL- RIGHT | IS HEALTHY, FLAG AS UP
2016/02/25 15:56:00 HC > STARTING CONTAINER CHECK
2016/02/25 15:56:10 Run HealthCheck
2016/02/25 15:56:10 HC > NODE WITH HOSTNAME | LOCAL- RIGHT | IS HEALTHY, FLAG AS UP
2016/02/25 15:56:10 HC > STARTING CONTAINER CHECK
2016/02/25 15:56:20 Run HealthCheck
2016/02/25 15:56:20 HC > NODE WITH HOSTNAME | LOCAL- RIGHT | IS HEALTHY, FLAG AS UP
2016/02/25 15:56:20 HC > STARTING CONTAINER CHECK
2016/02/25 15:56:30 Run HealthCheck
2016/02/25 15:56:30 HC > NODE WITH HOSTNAME | LOCAL- RIGHT | IS HEALTHY, FLAG AS UP
2016/02/25 15:56:30 HC > STARTING CONTAINER CHECK
2016/02/25 15:56:40 Run HealthCheck
2016/02/25 15:56:40 HC > NODE WITH HOSTNAME | LOCAL- RIGHT | IS HEALTHY, FLAG AS UP
2016/02/25 15:56:40 HC > STARTING CONTAINER CHECK
2016/02/25 15:56:50 Run HealthCheck
2016/02/25 15:56:50 HC > NODE WITH HOSTNAME | LOCAL- RIGHT | IS HEALTHY, FLAG AS UP
2016/02/25 15:56:50 HC > STARTING CONTAINER CHECK
2016/02/25 15:57:00 Run HealthCheck
2016/02/25 15:57:00 HC > NODE WITH HOSTNAME | LOCAL- RIGHT | IS HEALTHY, FLAG AS UP
2016/02/25 15:57:00 HC > STARTING CONTAINER CHECK
2016/02/25 15:57:10 Run HealthCheck
2016/02/25 15:57:10 HC > NODE WITH HOSTNAME | LOCAL- RIGHT | IS HEALTHY, FLAG AS UP
2016/02/25 15:57:10 HC > STARTING CONTAINER CHECK
2016/02/25 15:57:20 Run HealthCheck
2016/02/25 15:57:20 HC > NODE WITH HOSTNAME | LOCAL- RIGHT | IS HEALTHY, FLAG AS UP
2016/02/25 15:57:20 HC > STARTING CONTAINER CHECK
2016/02/25 15:57:30 Run HealthCheck
2016/02/25 15:57:30 HC > NODE WITH HOSTNAME | LOCAL- RIGHT | IS HEALTHY, FLAG AS UP
2016/02/25 15:57:30 HC > STARTING CONTAINER CHECK
2016/02/25 15:57:40 Run HealthCheck
2016/02/25 15:57:40 HC > NODE WITH HOSTNAME | LOCAL- RIGHT | IS HEALTHY, FLAG AS UP
2016/02/25 15:57:40 HC > STARTING CONTAINER CHECK
2016/02/25 15:57:50 Run HealthCheck
2016/02/25 15:57:50 HC > NODE WITH HOSTNAME | LOCAL- RIGHT | IS HEALTHY, FLAG AS UP
2016/02/25 15:57:50 HC > STARTING CONTAINER CHECK
2016/02/25 15:58:00 Run HealthCheck
2016/02/25 15:58:00 HC > NODE WITH HOSTNAME | LOCAL- RIGHT | IS HEALTHY, FLAG AS UP
2016/02/25 15:58:00 HC > STARTING CONTAINER CHECK
2016/02/25 15:58:10 Run HealthCheck
2016/02/25 15:58:10 HC > NODE WITH HOSTNAME | LOCAL- RIGHT | IS HEALTHY, FLAG AS UP
2016/02/25 15:58:10 HC > STARTING CONTAINER CHECK
2016/02/25 15:58:20 Run HealthCheck
2016/02/25 15:58:20 HC > NODE WITH HOSTNAME | LOCAL- RIGHT | IS HEALTHY, FLAG AS UP
2016/02/25 15:58:20 HC > STARTING CONTAINER CHECK
2016/02/25 15:58:30 Run HealthCheck
2016/02/25 15:58:30 HC > NODE WITH HOSTNAME | LOCAL- RIGHT | IS HEALTHY, FLAG AS UP
2016/02/25 15:58:30 HC > STARTING CONTAINER CHECK
2016/02/25 15:58:40 Run HealthCheck
2016/02/25 15:58:40 HC > NODE WITH HOSTNAME | LOCAL- RIGHT | IS HEALTHY, FLAG AS UP
2016/02/25 15:58:40 HC > STARTING CONTAINER CHECK
2016/02/25 15:58:50 Run HealthCheck
2016/02/25 15:58:50 HC > NODE WITH HOSTNAME | LOCAL- RIGHT | IS HEALTHY, FLAG AS UP
2016/02/25 15:58:50 HC > STARTING CONTAINER CHECK
2016/02/25 15:59:00 Run HealthCheck
2016/02/25 15:59:00 HC > NODE WITH HOSTNAME | LOCAL- RIGHT | IS HEALTHY, FLAG AS UP
2016/02/25 15:59:00 HC > STARTING CONTAINER CHECK
2016/02/25 15:59:10 Run HealthCheck
2016/02/25 15:59:10 HC > NODE WITH HOSTNAME | LOCAL- RIGHT | IS HEALTHY, FLAG AS UP
2016/02/25 15:59:10 HC > STARTING CONTAINER CHECK
2016/02/25 15:59:20 Run HealthCheck
2016/02/25 15:59:20 HC > NODE WITH HOSTNAME | LOCAL- RIGHT | IS HEALTHY, FLAG AS UP
2016/02/25 15:59:20 HC > STARTING CONTAINER CHECK
2016/02/25 15:59:30 Run HealthCheck
2016/02/25 15:59:30 HC > NODE WITH HOSTNAME | LOCAL- RIGHT | IS HEALTHY, FLAG AS UP
2016/02/25 15:59:30 HC > STARTING CONTAINER CHECK
2016/02/25 15:59:40 Run HealthCheck
2016/02/25 15:59:40 HC > NODE WITH HOSTNAME | LOCAL- RIGHT | IS HEALTHY, FLAG AS UP
2016/02/25 15:59:40 HC > STARTING CONTAINER CHECK
2016/02/25 15:59:50 Run HealthCheck
2016/02/25 15:59:50 HC > NODE WITH HOSTNAME | LOCAL- RIGHT | IS HEALTHY, FLAG AS UP
2016/02/25 15:59:50 HC > STARTING CONTAINER CHECK
2016/02/25 16:00:00 Run HealthCheck
2016/02/25 16:00:00 HC > NODE WITH HOSTNAME | LOCAL- RIGHT | IS HEALTHY, FLAG AS UP
2016/02/25 16:00:00 HC > STARTING CONTAINER CHECK
2016/02/25 16:00:10 Run HealthCheck
2016/02/25 16:00:10 HC > NODE WITH HOSTNAME | LOCAL- RIGHT | IS HEALTHY, FLAG AS UP
2016/02/25 16:00:10 HC > STARTING CONTAINER CHECK
2016/02/25 16:00:20 Run HealthCheck
2016/02/25 16:00:20 HC > NODE WITH HOSTNAME | LOCAL- RIGHT | IS HEALTHY, FLAG AS UP
2016/02/25 16:00:20 HC > STARTING CONTAINER CHECK
2016/02/25 16:00:30 Run HealthCheck
2016/02/25 16:00:30 HC > NODE WITH HOSTNAME | LOCAL- RIGHT | IS HEALTHY, FLAG AS UP
2016/02/25 16:00:30 HC > STARTING CONTAINER CHECK
2016/02/25 16:00:40 Run HealthCheck
2016/02/25 16:00:40 HC > NODE WITH HOSTNAME | LOCAL- RIGHT | IS HEALTHY, FLAG AS UP
2016/02/25 16:00:40 HC > STARTING CONTAINER CHECK
2016/02/25 16:00:50 Run HealthCheck
2016/02/25 16:00:50 HC > NODE WITH HOSTNAME | LOCAL- RIGHT | IS HEALTHY, FLAG AS UP
2016/02/25 16:00:50 HC > STARTING CONTAINER CHECK
2016/02/25 16:01:00 Run HealthCheck
2016/02/25 16:01:00 HC > NODE WITH HOSTNAME | LOCAL- RIGHT | IS HEALTHY, FLAG AS UP
2016/02/25 16:01:00 HC > STARTING CONTAINER CHECK
2016/02/25 16:01:10 Run HealthCheck
2016/02/25 16:01:10 HC > NODE WITH HOSTNAME | LOCAL- RIGHT | IS HEALTHY, FLAG AS UP
2016/02/25 16:01:10 HC > STARTING CONTAINER CHECK
2016/02/25 16:01:20 Run HealthCheck
2016/02/25 16:01:20 HC > NODE WITH HOSTNAME | LOCAL- RIGHT | IS HEALTHY, FLAG AS UP
2016/02/25 16:01:20 HC > STARTING CONTAINER CHECK
2016/02/25 16:01:30 Run HealthCheck
2016/02/25 16:01:30 HC > NODE WITH HOSTNAME | LOCAL- RIGHT | IS HEALTHY, FLAG AS UP
2016/02/25 16:01:30 HC > STARTING CONTAINER CHECK
2016/02/25 16:01:40 Run HealthCheck
2016/02/25 16:01:40 HC > NODE WITH HOSTNAME | LOCAL- RIGHT | IS HEALTHY, FLAG AS UP
2016/02/25 16:01:40 HC > STARTING CONTAINER CHECK
2016/02/25 16:01:50 Run HealthCheck
2016/02/25 16:01:50 HC > NODE WITH HOSTNAME | LOCAL- RIGHT | IS HEALTHY, FLAG AS UP
2016/02/25 16:01:50 HC > STARTING CONTAINER CHECK
2016/02/25 16:02:00 Run HealthCheck
2016/02/25 16:02:00 HC > NODE WITH HOSTNAME | LOCAL- RIGHT | IS HEALTHY, FLAG AS UP
2016/02/25 16:02:00 HC > STARTING CONTAINER CHECK
2016/02/25 16:02:10 Run HealthCheck
2016/02/25 16:02:10 HC > NODE WITH HOSTNAME | LOCAL- RIGHT | IS HEALTHY, FLAG AS UP
2016/02/25 16:02:10 HC > STARTING CONTAINER CHECK
2016/02/25 16:02:20 Run HealthCheck
2016/02/25 16:02:20 HC > NODE WITH HOSTNAME | LOCAL- RIGHT | IS HEALTHY, FLAG AS UP
2016/02/25 16:02:20 HC > STARTING CONTAINER CHECK
2016/02/25 16:02:30 Run HealthCheck
2016/02/25 16:02:30 HC > NODE WITH HOSTNAME | LOCAL- RIGHT | IS HEALTHY, FLAG AS UP
2016/02/25 16:02:30 HC > STARTING CONTAINER CHECK
2016/02/25 16:02:40 Run HealthCheck
2016/02/25 16:02:40 HC > NODE WITH HOSTNAME | LOCAL- RIGHT | IS HEALTHY, FLAG AS UP
2016/02/25 16:02:40 HC > STARTING CONTAINER CHECK
2016/02/25 16:02:50 Run HealthCheck
2016/02/25 16:02:50 HC > NODE WITH HOSTNAME | LOCAL- RIGHT | IS HEALTHY, FLAG AS UP
2016/02/25 16:02:50 HC > STARTING CONTAINER CHECK
2016/02/25 16:03:00 Run HealthCheck
2016/02/25 16:03:00 HC > NODE WITH HOSTNAME | LOCAL- RIGHT | IS HEALTHY, FLAG AS UP
2016/02/25 16:03:00 HC > STARTING CONTAINER CHECK
2016/02/25 16:03:10 Run HealthCheck
2016/02/25 16:03:10 HC > NODE WITH HOSTNAME | LOCAL- RIGHT | IS HEALTHY, FLAG AS UP
2016/02/25 16:03:10 HC > STARTING CONTAINER CHECK
2016/02/25 16:03:20 Run HealthCheck
2016/02/25 16:03:20 HC > NODE WITH HOSTNAME | LOCAL- RIGHT | IS HEALTHY, FLAG AS UP
2016/02/25 16:03:20 HC > STARTING CONTAINER CHECK
2016/02/25 16:03:30 Run HealthCheck
2016/02/25 16:03:30 HC > NODE WITH HOSTNAME | LOCAL- RIGHT | IS HEALTHY, FLAG AS UP
2016/02/25 16:03:30 HC > STARTING CONTAINER CHECK
2016/02/25 16:03:40 Run HealthCheck
2016/02/25 16:03:40 HC > NODE WITH HOSTNAME | LOCAL- RIGHT | IS HEALTHY, FLAG AS UP
2016/02/25 16:03:40 HC > STARTING CONTAINER CHECK
2016/02/25 16:03:50 Run HealthCheck
2016/02/25 16:03:50 HC > NODE WITH HOSTNAME | LOCAL- RIGHT | IS HEALTHY, FLAG AS UP
2016/02/25 16:03:50 HC > STARTING CONTAINER CHECK
2016/02/25 16:06:18 Initializing Database connection.
2016/02/25 16:06:18 Web server active
2016/02/25 16:06:18 TaskHandler Init
2016/02/25 16:06:18 Node added to cluster
2016/02/25 16:06:18 &{17d23baf-ad56-4300-bd5e-fe43a94a273e  LOCAL- RIGHT 192.168.100.51 2375  NEW}
2016/02/25 16:06:28 Run HealthCheck
2016/02/25 16:06:28 HC > NODE WITH HOSTNAME | LOCAL- RIGHT | IS HEALTHY, FLAG AS UP
2016/02/25 16:06:28 HC > STARTING CONTAINER CHECK
2016/02/25 16:06:38 Run HealthCheck
2016/02/25 16:06:38 HC > NODE WITH HOSTNAME | LOCAL- RIGHT | IS HEALTHY, FLAG AS UP
2016/02/25 16:06:38 HC > STARTING CONTAINER CHECK
2016/02/25 16:06:48 Run HealthCheck
2016/02/25 16:06:48 HC > NODE WITH HOSTNAME | LOCAL- RIGHT | IS HEALTHY, FLAG AS UP
2016/02/25 16:06:48 HC > STARTING CONTAINER CHECK
2016/02/25 16:06:58 Run HealthCheck
2016/02/25 16:06:58 HC > NODE WITH HOSTNAME | LOCAL- RIGHT | IS HEALTHY, FLAG AS UP
2016/02/25 16:06:58 HC > STARTING CONTAINER CHECK
2016/02/25 16:07:08 Run HealthCheck
2016/02/25 16:07:08 HC > NODE WITH HOSTNAME | LOCAL- RIGHT | IS HEALTHY, FLAG AS UP
2016/02/25 16:07:08 HC > STARTING CONTAINER CHECK
2016/02/25 16:07:18 Run HealthCheck
2016/02/25 16:07:18 HC > NODE WITH HOSTNAME | LOCAL- RIGHT | IS HEALTHY, FLAG AS UP
2016/02/25 16:07:18 HC > STARTING CONTAINER CHECK
2016/02/25 16:07:28 Run HealthCheck
2016/02/25 16:07:28 HC > NODE WITH HOSTNAME | LOCAL- RIGHT | IS HEALTHY, FLAG AS UP
2016/02/25 16:07:28 HC > STARTING CONTAINER CHECK
2016/02/25 16:07:38 Run HealthCheck
2016/02/25 16:07:38 HC > NODE WITH HOSTNAME | LOCAL- RIGHT | IS HEALTHY, FLAG AS UP
2016/02/25 16:07:38 HC > STARTING CONTAINER CHECK
2016/02/25 16:07:48 Run HealthCheck
2016/02/25 16:07:48 HC > NODE WITH HOSTNAME | LOCAL- RIGHT | IS HEALTHY, FLAG AS UP
2016/02/25 16:07:48 HC > STARTING CONTAINER CHECK
2016/02/25 16:07:58 Run HealthCheck
2016/02/25 16:07:58 HC > NODE WITH HOSTNAME | LOCAL- RIGHT | IS HEALTHY, FLAG AS UP
2016/02/25 16:07:58 HC > STARTING CONTAINER CHECK
2016/02/25 16:08:08 Run HealthCheck
2016/02/25 16:08:08 HC > NODE WITH HOSTNAME | LOCAL- RIGHT | IS HEALTHY, FLAG AS UP
2016/02/25 16:08:08 HC > STARTING CONTAINER CHECK
2016/02/25 16:08:18 Run HealthCheck
2016/02/25 16:08:18 HC > NODE WITH HOSTNAME | LOCAL- RIGHT | IS HEALTHY, FLAG AS UP
2016/02/25 16:08:18 HC > STARTING CONTAINER CHECK
2016/02/25 16:08:28 Run HealthCheck
2016/02/25 16:08:28 HC > NODE WITH HOSTNAME | LOCAL- RIGHT | IS HEALTHY, FLAG AS UP
2016/02/25 16:08:28 HC > STARTING CONTAINER CHECK
2016/02/25 16:08:38 Run HealthCheck
2016/02/25 16:08:38 HC > NODE WITH HOSTNAME | LOCAL- RIGHT | IS HEALTHY, FLAG AS UP
2016/02/25 16:08:38 HC > STARTING CONTAINER CHECK
2016/02/25 16:08:53 Initializing Database connection.
2016/02/25 16:08:53 Web server active
2016/02/25 16:08:53 TaskHandler Init
2016/02/25 16:08:53 Node added to cluster
2016/02/25 16:08:53 &{17d23baf-ad56-4300-bd5e-fe43a94a273e  LOCAL- RIGHT 192.168.100.51 2375  NEW}
2016/02/25 16:09:03 Run HealthCheck
2016/02/25 16:09:03 HC > NODE WITH HOSTNAME | LOCAL- RIGHT | IS HEALTHY, FLAG AS UP
2016/02/25 16:09:03 HC > STARTING CONTAINER CHECK
2016/02/25 16:09:13 Run HealthCheck
2016/02/25 16:09:13 HC > NODE WITH HOSTNAME | LOCAL- RIGHT | IS HEALTHY, FLAG AS UP
2016/02/25 16:09:13 HC > STARTING CONTAINER CHECK
2016/02/25 16:11:05 Initializing Database connection.
2016/02/25 16:11:05 Web server active
2016/02/25 16:11:05 TaskHandler Init
2016/02/25 16:11:05 Node added to cluster
2016/02/25 16:11:05 &{17d23baf-ad56-4300-bd5e-fe43a94a273e  LOCAL- RIGHT 192.168.100.51 2375  NEW}
2016/02/25 16:11:15 Run HealthCheck
2016/02/25 16:11:15 HC > NODE WITH HOSTNAME | LOCAL- RIGHT | IS HEALTHY, FLAG AS UP
2016/02/25 16:11:15 HC > STARTING CONTAINER CHECK
2016/02/25 16:11:25 Run HealthCheck
2016/02/25 16:11:25 HC > NODE WITH HOSTNAME | LOCAL- RIGHT | IS HEALTHY, FLAG AS UP
2016/02/25 16:11:25 HC > STARTING CONTAINER CHECK
2016/02/25 16:11:35 Run HealthCheck
2016/02/25 16:11:35 HC > NODE WITH HOSTNAME | LOCAL- RIGHT | IS HEALTHY, FLAG AS UP
2016/02/25 16:11:35 HC > STARTING CONTAINER CHECK
2016/02/25 16:11:45 Run HealthCheck
2016/02/25 16:11:45 HC > NODE WITH HOSTNAME | LOCAL- RIGHT | IS HEALTHY, FLAG AS UP
2016/02/25 16:11:45 HC > STARTING CONTAINER CHECK
2016/02/25 16:18:41 Initializing Database connection.
2016/02/25 16:19:06 Initializing Database connection.
2016/02/25 16:20:05 Initializing Database connection.
2016/02/25 16:20:05 Web server active
2016/02/25 16:20:05 TaskHandler Init
2016/02/25 16:20:05 Node added to cluster
2016/02/25 16:20:05 &{17d23baf-ad56-4300-bd5e-fe43a94a273e  LOCAL- RIGHT 192.168.100.51 2375  NEW}
2016/02/25 16:27:42 Initializing Database connection.
2016/02/25 16:27:42 Web server active
2016/02/25 16:27:42 TaskHandler Init
2016/02/25 16:27:42 Node added to cluster
2016/02/25 16:27:42 &{17d23baf-ad56-4300-bd5e-fe43a94a273e  LOCAL- RIGHT 192.168.100.51 2375  NEW}
2016/02/25 16:27:52 Run HealthCheck
2016/02/25 16:27:52 HC > NODE WITH HOSTNAME | LOCAL- RIGHT | IS HEALTHY, FLAG AS UP
2016/02/25 16:27:52 HC > STARTING CONTAINER CHECK
2016/02/25 16:28:02 Run HealthCheck
2016/02/25 16:28:02 HC > NODE WITH HOSTNAME | LOCAL- RIGHT | IS HEALTHY, FLAG AS UP
2016/02/25 16:28:02 HC > STARTING CONTAINER CHECK
2016/02/25 16:28:08 
2016/02/25 16:28:12 Run HealthCheck
2016/02/25 16:28:12 HC > NODE WITH HOSTNAME | Local- Right | IS HEALTHY, FLAG AS UP
2016/02/25 16:28:12 HC > STARTING CONTAINER CHECK
2016/02/25 16:28:22 Run HealthCheck
2016/02/25 16:28:22 HC > NODE WITH HOSTNAME | Local- Right | IS HEALTHY, FLAG AS UP
2016/02/25 16:28:22 HC > STARTING CONTAINER CHECK
2016/02/25 16:28:32 Run HealthCheck
2016/02/25 16:28:32 HC > NODE WITH HOSTNAME | Local- Right | IS HEALTHY, FLAG AS UP
2016/02/25 16:28:32 HC > STARTING CONTAINER CHECK
2016/02/25 16:28:42 Run HealthCheck
2016/02/25 16:28:42 HC > NODE WITH HOSTNAME | Local- Right | IS HEALTHY, FLAG AS UP
2016/02/25 16:28:42 HC > STARTING CONTAINER CHECK
2016/02/25 16:28:52 Run HealthCheck
2016/02/25 16:28:52 HC > NODE WITH HOSTNAME | Local- Right | IS HEALTHY, FLAG AS UP
2016/02/25 16:28:52 HC > STARTING CONTAINER CHECK
2016/02/25 16:29:02 Run HealthCheck
2016/02/25 16:29:02 HC > NODE WITH HOSTNAME | Local- Right | IS HEALTHY, FLAG AS UP
2016/02/25 16:29:02 HC > STARTING CONTAINER CHECK
2016/02/25 16:29:12 Run HealthCheck
2016/02/25 16:29:12 HC > NODE WITH HOSTNAME | Local- Right | IS HEALTHY, FLAG AS UP
2016/02/25 16:29:12 HC > STARTING CONTAINER CHECK
2016/02/25 16:29:22 Run HealthCheck
2016/02/25 16:29:22 HC > NODE WITH HOSTNAME | Local- Right | IS HEALTHY, FLAG AS UP
2016/02/25 16:29:22 HC > STARTING CONTAINER CHECK
